[03:51:37] [INIT] KubeJS 2101.7.1-build.181; MC 2101 NeoForge
[03:51:37] [INIT] Loaded plugins:
[03:51:37] [INIT] - dev.latvian.mods.kubejs.BuiltinKubeJSPlugin
[03:51:37] [INIT] - dev.latvian.mods.kubejs.integration.architectury.ArchitecturyIntegration
[03:51:37] [INIT] - com.klikli_dev.theurgykubejs.kubejs.TheurgyKubeJSPlugin
[03:51:37] [INIT] - es.degrassi.mmreborn.common.integration.kubejs.MMRKubeJSPlugin
[03:51:37] [INIT] - es.degrassi.mmreborn.mekanism.common.integration.kubejs.MMRKubeJSPlugin
[03:51:37] [INIT] - dev.ftb.mods.ftbxmodcompat.neoforge.ftbquests.kubejs.FTBQuestsKubeJSPlugin
[03:51:37] [INIT] - dev.ftb.mods.ftbxmodcompat.neoforge.ftbchunks.kubejs.FTBChunksKubeJSPlugin
[03:51:37] [INIT] - dev.ftb.mods.ftbxmodcompat.neoforge.ftbteams.kubejs.FTBTeamsKubeJSPlugin
[03:51:37] [INIT] - dev.ftb.mods.ftbxmodcompat.neoforge.ftbfiltersystem.kubejs.FFSKubeJSPlugin
[03:51:37] [INIT] - com.klikli_dev.occultism_kubejs.KubeJSOccultismPlugin
[03:51:37] [INIT] - com.glodblock.github.extendedae.xmod.kjs.KJSPlugin
[03:51:37] [INIT] - aztech.modern_industrialization.compat.kubejs.MIKubeJSPlugin
[03:51:37] [INFO] Loaded script startup_scripts:Potionsmaster/potionsmaster.js in 0.13 s
[03:51:37] [INFO] Loaded script startup_scripts:Theurgy/SulfurAdditions.js in 0.004 s
[03:51:37] [INFO] startup_scripts:CustomAdditions.js#4: Loaded Java class 'net.minecraft.core.registries.BuiltInRegistries'
[03:51:37] [INFO] Loaded script startup_scripts:CustomAdditions.js in 0.012 s
[03:51:37] [INFO] Loaded script startup_scripts:Farmer's Delight/Compatibility.js in 0.069 s
[03:51:37] [INFO] Loaded script startup_scripts:Applied Energistics/Universal_Press.js in 0.001 s
[03:51:37] [INFO] startup_scripts:Mekanism/Compatibility.js#18: Loaded Java class 'mekanism.api.chemical.Chemical'
[03:51:37] [INFO] startup_scripts:Mekanism/Compatibility.js#19: Loaded Java class 'mekanism.api.chemical.ChemicalBuilder'
[03:51:37] [INFO] Loaded script startup_scripts:Mekanism/Compatibility.js in 0.025 s
[03:51:37] [INFO] Loaded script startup_scripts:Modern-Industrialization/atm_stuff.js in 0.002 s
[03:51:37] [INFO] Loaded script startup_scripts:ExtendedAE/InfinityCells.js in 0.002 s
[03:51:37] [INFO] Loaded 8/8 KubeJS startup scripts in 0.766 s with 0 errors and 0 warnings
