[07Mar2025 06:00:33.725] [Server thread/INFO] [net.minecraft.server.MinecraftServer/]: Stopping the server
[07Mar2025 06:00:34.208] [Server thread/INFO] [net.minecraft.server.MinecraftServer/]: Stopping server
[07Mar2025 06:00:34.209] [Server thread/INFO] [net.minecraft.server.MinecraftServer/]: Saving players
[07Mar2025 06:00:34.210] [Server thread/INFO] [net.minecraft.server.MinecraftServer/]: Saving worlds
[07Mar2025 06:00:34.252] [Server thread/INFO] [net.minecraft.server.MinecraftServer/]: Saving chunks for level 'ServerLevel[kinbofox]'/minecraft:overworld
[07Mar2025 06:00:34.293] [Server thread/INFO] [net.minecraft.server.MinecraftServer/]: Saving chunks for level 'ServerLevel[kinbofox]'/allthemodium:mining
[07Mar2025 06:00:34.295] [Server thread/INFO] [net.minecraft.server.MinecraftServer/]: Saving chunks for level 'ServerLevel[kinbofox]'/compactmachines:compact_world
[07Mar2025 06:00:34.299] [Server thread/INFO] [net.minecraft.server.MinecraftServer/]: Saving chunks for level 'ServerLevel[kinbofox]'/eternal_starlight:starlight
[07Mar2025 06:00:34.299] [Server thread/INFO] [net.minecraft.server.MinecraftServer/]: Saving chunks for level 'ServerLevel[kinbofox]'/allthemodium:the_beyond
[07Mar2025 06:00:34.300] [Server thread/INFO] [net.minecraft.server.MinecraftServer/]: Saving chunks for level 'ServerLevel[kinbofox]'/twilightforest:twilight_forest
[07Mar2025 06:00:34.301] [Server thread/INFO] [net.minecraft.server.MinecraftServer/]: Saving chunks for level 'ServerLevel[kinbofox]'/minecraft:the_nether
[07Mar2025 06:00:34.302] [Server thread/INFO] [net.minecraft.server.MinecraftServer/]: Saving chunks for level 'ServerLevel[kinbofox]'/deeperdarker:otherside
[07Mar2025 06:00:34.302] [Server thread/INFO] [net.minecraft.server.MinecraftServer/]: Saving chunks for level 'ServerLevel[kinbofox]'/mahoutsukai:reality_marble
[07Mar2025 06:00:34.303] [Server thread/INFO] [net.minecraft.server.MinecraftServer/]: Saving chunks for level 'ServerLevel[kinbofox]'/allthemodium:the_other
[07Mar2025 06:00:34.304] [Server thread/INFO] [net.minecraft.server.MinecraftServer/]: Saving chunks for level 'ServerLevel[kinbofox]'/undergarden:undergarden
[07Mar2025 06:00:34.304] [Server thread/INFO] [net.minecraft.server.MinecraftServer/]: Saving chunks for level 'ServerLevel[kinbofox]'/the_bumblezone:the_bumblezone
[07Mar2025 06:00:34.305] [Server thread/INFO] [net.minecraft.server.MinecraftServer/]: Saving chunks for level 'ServerLevel[kinbofox]'/minecraft:the_end
[07Mar2025 06:00:34.305] [Server thread/INFO] [net.minecraft.server.MinecraftServer/]: Saving chunks for level 'ServerLevel[kinbofox]'/ae2:spatial_storage
[07Mar2025 06:00:34.308] [Server thread/INFO] [net.minecraft.server.MinecraftServer/]: ThreadedAnvilChunkStorage (kinbofox): All chunks are saved
[07Mar2025 06:00:34.308] [Server thread/INFO] [net.minecraft.server.MinecraftServer/]: ThreadedAnvilChunkStorage (mining): All chunks are saved
[07Mar2025 06:00:34.308] [Server thread/INFO] [net.minecraft.server.MinecraftServer/]: ThreadedAnvilChunkStorage (compact_world): All chunks are saved
[07Mar2025 06:00:34.309] [Server thread/INFO] [net.minecraft.server.MinecraftServer/]: ThreadedAnvilChunkStorage (starlight): All chunks are saved
[07Mar2025 06:00:34.309] [Server thread/INFO] [net.minecraft.server.MinecraftServer/]: ThreadedAnvilChunkStorage (the_beyond): All chunks are saved
[07Mar2025 06:00:34.309] [Server thread/INFO] [net.minecraft.server.MinecraftServer/]: ThreadedAnvilChunkStorage (twilight_forest): All chunks are saved
[07Mar2025 06:00:34.309] [Server thread/INFO] [net.minecraft.server.MinecraftServer/]: ThreadedAnvilChunkStorage (DIM-1): All chunks are saved
[07Mar2025 06:00:34.310] [Server thread/INFO] [net.minecraft.server.MinecraftServer/]: ThreadedAnvilChunkStorage (otherside): All chunks are saved
[07Mar2025 06:00:34.310] [Server thread/INFO] [net.minecraft.server.MinecraftServer/]: ThreadedAnvilChunkStorage (reality_marble): All chunks are saved
[07Mar2025 06:00:34.310] [Server thread/INFO] [net.minecraft.server.MinecraftServer/]: ThreadedAnvilChunkStorage (the_other): All chunks are saved
[07Mar2025 06:00:34.310] [Server thread/INFO] [net.minecraft.server.MinecraftServer/]: ThreadedAnvilChunkStorage (undergarden): All chunks are saved
[07Mar2025 06:00:34.311] [Server thread/INFO] [net.minecraft.server.MinecraftServer/]: ThreadedAnvilChunkStorage (the_bumblezone): All chunks are saved
[07Mar2025 06:00:34.311] [Server thread/INFO] [net.minecraft.server.MinecraftServer/]: ThreadedAnvilChunkStorage (DIM1): All chunks are saved
[07Mar2025 06:00:34.311] [Server thread/INFO] [net.minecraft.server.MinecraftServer/]: ThreadedAnvilChunkStorage (spatial_storage): All chunks are saved
[07Mar2025 06:00:34.312] [Server thread/INFO] [net.minecraft.server.MinecraftServer/]: ThreadedAnvilChunkStorage: All dimensions are saved
[07Mar2025 06:00:34.338] [Server thread/INFO] [Framework/]: Unloading server configs...
[07Mar2025 06:00:34.341] [Server thread/INFO] [Framework/]: Sending config unload event for refurbished_furniture.server.toml
[07Mar2025 06:00:34.345] [Server thread/INFO] [Framework/]: Finished unloading server configs
[07Mar2025 06:00:34.726] [Server thread/INFO] [net.minecraft.server.rcon.thread.GenericThread/]: Thread Query Listener stopped
